Preprocessing library Apastron-0.1.0.0...
[5 of 5] Compiling Boltery          ( src\Boltery.hs, .stack-work\dist\b7fec021\build\Boltery.o )

src\Boltery.hs:62:23: error:
    * Couldn't match expected type `Int'
                  with actual type `Database.Bolt.Value'
    * In the expression: I $ floor $ utctDayTime $ fromJust g :: Int
      In an equation for `maybeDateToValueI':
          maybeDateToValueI g = I $ floor $ utctDayTime $ fromJust g :: Int

src\Boltery.hs:62:23: error:
    * Couldn't match expected type `Database.Bolt.Value'
                  with actual type `Int'
    * In the expression: I $ floor $ utctDayTime $ fromJust g :: Int
      In an equation for `maybeDateToValueI':
          maybeDateToValueI g = I $ floor $ utctDayTime $ fromJust g :: Int

src\Boltery.hs:65:18: error:
    * Couldn't match expected type `Int'
                  with actual type `Database.Bolt.Value'
    * In the expression: I $ floor $ utctDayTime g :: Int
      In an equation for `dateToValueI':
          dateToValueI g = I $ floor $ utctDayTime g :: Int

src\Boltery.hs:65:18: error:
    * Couldn't match expected type `Database.Bolt.Value'
                  with actual type `Int'
    * In the expression: I $ floor $ utctDayTime g :: Int
      In an equation for `dateToValueI':
          dateToValueI g = I $ floor $ utctDayTime g :: Int
