[1 of 2] Compiling Main             ( C:\Users\TARDIS\AppData\Local\Temp\stack11876\entropy-0.3.7\Setup.hs, C:\Users\TARDIS\AppData\Local\Temp\stack11876\entropy-0.3.7\.stack-work\dist\b7fec021\setup\Main.o )
[2 of 2] Compiling StackSetupShim   ( C:\sr\setup-exe-src\setup-shim-Z6RU0evB.hs, C:\Users\TARDIS\AppData\Local\Temp\stack11876\entropy-0.3.7\.stack-work\dist\b7fec021\setup\StackSetupShim.o )
Linking C:\Users\TARDIS\AppData\Local\Temp\stack11876\entropy-0.3.7\.stack-work\dist\b7fec021\setup\setup.exe ...
Configuring entropy-0.3.7...
Result of RDRAND Test: True
Building entropy-0.3.7...
Preprocessing library entropy-0.3.7...
[1 of 2] Compiling System.EntropyWindows ( System\EntropyWindows.hs, .stack-work\dist\b7fec021\build\System\EntropyWindows.o )

System\EntropyWindows.hs:80:1: warning: [-Wunsupported-calling-conventions]
    * the 'stdcall' calling convention is unsupported on this platform,
      treating as ccall
    * When checking declaration:
        foreign import stdcall unsafe "static CryptAcquireContextA" c_cryptAcquireCtx
          :: Ptr Word32 -> CString -> CString -> Word32 -> Word32 -> IO Int32

System\EntropyWindows.hs:82:1: warning: [-Wunsupported-calling-conventions]
    * the 'stdcall' calling convention is unsupported on this platform,
      treating as ccall
    * When checking declaration:
        foreign import stdcall unsafe "static CryptGenRandom" c_cryptGenRandom
          :: Word32 -> Word32 -> Ptr Word8 -> IO Int32

System\EntropyWindows.hs:84:1: warning: [-Wunsupported-calling-conventions]
    * the 'stdcall' calling convention is unsupported on this platform,
      treating as ccall
    * When checking declaration:
        foreign import stdcall unsafe "static CryptReleaseContext" c_cryptReleaseCtx
          :: Word32 -> Word32 -> IO Int32
[2 of 2] Compiling System.Entropy   ( System\Entropy.hs, .stack-work\dist\b7fec021\build\System\Entropy.o )
Installing library in
C:\sr\snapshots\e1c674d9\lib\x86_64-windows-ghc-8.0.1\entropy-0.3.7-2Hc694EYwMYZfTTTYJYDd
Registering entropy-0.3.7...
